running egg_info
creating ../../build/robot_controller/robot_controller.egg-info
writing ../../build/robot_controller/robot_controller.egg-info/PKG-INFO
writing dependency_links to ../../build/robot_controller/robot_controller.egg-info/dependency_links.txt
writing entry points to ../../build/robot_controller/robot_controller.egg-info/entry_points.txt
writing requirements to ../../build/robot_controller/robot_controller.egg-info/requires.txt
writing top-level names to ../../build/robot_controller/robot_controller.egg-info/top_level.txt
writing manifest file '../../build/robot_controller/robot_controller.egg-info/SOURCES.txt'
reading manifest file '../../build/robot_controller/robot_controller.egg-info/SOURCES.txt'
writing manifest file '../../build/robot_controller/robot_controller.egg-info/SOURCES.txt'
running build
running build_py
creating /home/altair/ros2_robocon_ws/build/robot_controller/build
creating /home/altair/ros2_robocon_ws/build/robot_controller/build/lib
creating /home/altair/ros2_robocon_ws/build/robot_controller/build/lib/robot_controller
copying robot_controller/controller_node.py -> /home/altair/ros2_robocon_ws/build/robot_controller/build/lib/robot_controller
copying robot_controller/serial_to_position_node.py -> /home/altair/ros2_robocon_ws/build/robot_controller/build/lib/robot_controller
copying robot_controller/cmd_vel_to_serial_node.py -> /home/altair/ros2_robocon_ws/build/robot_controller/build/lib/robot_controller
copying robot_controller/__init__.py -> /home/altair/ros2_robocon_ws/build/robot_controller/build/lib/robot_controller
running install
running install_lib
creating /home/altair/ros2_robocon_ws/install/robot_controller/lib/python3.10/site-packages/robot_controller
copying /home/altair/ros2_robocon_ws/build/robot_controller/build/lib/robot_controller/controller_node.py -> /home/altair/ros2_robocon_ws/install/robot_controller/lib/python3.10/site-packages/robot_controller
copying /home/altair/ros2_robocon_ws/build/robot_controller/build/lib/robot_controller/serial_to_position_node.py -> /home/altair/ros2_robocon_ws/install/robot_controller/lib/python3.10/site-packages/robot_controller
copying /home/altair/ros2_robocon_ws/build/robot_controller/build/lib/robot_controller/cmd_vel_to_serial_node.py -> /home/altair/ros2_robocon_ws/install/robot_controller/lib/python3.10/site-packages/robot_controller
copying /home/altair/ros2_robocon_ws/build/robot_controller/build/lib/robot_controller/__init__.py -> /home/altair/ros2_robocon_ws/install/robot_controller/lib/python3.10/site-packages/robot_controller
byte-compiling /home/altair/ros2_robocon_ws/install/robot_controller/lib/python3.10/site-packages/robot_controller/controller_node.py to controller_node.cpython-310.pyc
byte-compiling /home/altair/ros2_robocon_ws/install/robot_controller/lib/python3.10/site-packages/robot_controller/serial_to_position_node.py to serial_to_position_node.cpython-310.pyc
byte-compiling /home/altair/ros2_robocon_ws/install/robot_controller/lib/python3.10/site-packages/robot_controller/cmd_vel_to_serial_node.py to cmd_vel_to_serial_node.cpython-310.pyc
byte-compiling /home/altair/ros2_robocon_ws/install/robot_controller/lib/python3.10/site-packages/robot_controller/__init__.py to __init__.cpython-310.pyc
running install_data
creating /home/altair/ros2_robocon_ws/install/robot_controller/share/ament_index
creating /home/altair/ros2_robocon_ws/install/robot_controller/share/ament_index/resource_index
creating /home/altair/ros2_robocon_ws/install/robot_controller/share/ament_index/resource_index/packages
copying resource/robot_controller -> /home/altair/ros2_robocon_ws/install/robot_controller/share/ament_index/resource_index/packages
copying package.xml -> /home/altair/ros2_robocon_ws/install/robot_controller/share/robot_controller
running install_egg_info
Copying ../../build/robot_controller/robot_controller.egg-info to /home/altair/ros2_robocon_ws/install/robot_controller/lib/python3.10/site-packages/robot_controller-0.0.0-py3.10.egg-info
running install_scripts
Installing cmd_vel_to_serial_node script to /home/altair/ros2_robocon_ws/install/robot_controller/lib/robot_controller
Installing controller_node script to /home/altair/ros2_robocon_ws/install/robot_controller/lib/robot_controller
Installing serial_to_position_node script to /home/altair/ros2_robocon_ws/install/robot_controller/lib/robot_controller
writing list of installed files to '/home/altair/ros2_robocon_ws/build/robot_controller/install.log'
