[0.842s] Invoking command in '/home/altair/ros2_robocon_ws/src/robot_controller': PYTHONPATH=/home/altair/ros2_robocon_ws/build/robot_controller/prefix_override:/home/altair/ros2_robocon_ws/install/robot_controller/lib/python3.10/site-packages:${PYTHONPATH} /usr/bin/python3 -W ignore:setup.py install is deprecated setup.py egg_info --egg-base ../../build/robot_controller build --build-base /home/altair/ros2_robocon_ws/build/robot_controller/build install --record /home/altair/ros2_robocon_ws/build/robot_controller/install.log --single-version-externally-managed install_data
[1.144s] running egg_info
[1.145s] creating ../../build/robot_controller/robot_controller.egg-info
[1.145s] writing ../../build/robot_controller/robot_controller.egg-info/PKG-INFO
[1.145s] writing dependency_links to ../../build/robot_controller/robot_controller.egg-info/dependency_links.txt
[1.146s] writing entry points to ../../build/robot_controller/robot_controller.egg-info/entry_points.txt
[1.146s] writing requirements to ../../build/robot_controller/robot_controller.egg-info/requires.txt
[1.146s] writing top-level names to ../../build/robot_controller/robot_controller.egg-info/top_level.txt
[1.146s] writing manifest file '../../build/robot_controller/robot_controller.egg-info/SOURCES.txt'
[1.147s] reading manifest file '../../build/robot_controller/robot_controller.egg-info/SOURCES.txt'
[1.148s] writing manifest file '../../build/robot_controller/robot_controller.egg-info/SOURCES.txt'
[1.148s] running build
[1.148s] running build_py
[1.148s] creating /home/altair/ros2_robocon_ws/build/robot_controller/build
[1.148s] creating /home/altair/ros2_robocon_ws/build/robot_controller/build/lib
[1.148s] creating /home/altair/ros2_robocon_ws/build/robot_controller/build/lib/robot_controller
[1.148s] copying robot_controller/controller_node.py -> /home/altair/ros2_robocon_ws/build/robot_controller/build/lib/robot_controller
[1.148s] copying robot_controller/serial_to_position_node.py -> /home/altair/ros2_robocon_ws/build/robot_controller/build/lib/robot_controller
[1.149s] copying robot_controller/cmd_vel_to_serial_node.py -> /home/altair/ros2_robocon_ws/build/robot_controller/build/lib/robot_controller
[1.149s] copying robot_controller/__init__.py -> /home/altair/ros2_robocon_ws/build/robot_controller/build/lib/robot_controller
[1.149s] running install
[1.149s] running install_lib
[1.149s] creating /home/altair/ros2_robocon_ws/install/robot_controller/lib/python3.10/site-packages/robot_controller
[1.149s] copying /home/altair/ros2_robocon_ws/build/robot_controller/build/lib/robot_controller/controller_node.py -> /home/altair/ros2_robocon_ws/install/robot_controller/lib/python3.10/site-packages/robot_controller
[1.149s] copying /home/altair/ros2_robocon_ws/build/robot_controller/build/lib/robot_controller/serial_to_position_node.py -> /home/altair/ros2_robocon_ws/install/robot_controller/lib/python3.10/site-packages/robot_controller
[1.149s] copying /home/altair/ros2_robocon_ws/build/robot_controller/build/lib/robot_controller/cmd_vel_to_serial_node.py -> /home/altair/ros2_robocon_ws/install/robot_controller/lib/python3.10/site-packages/robot_controller
[1.150s] copying /home/altair/ros2_robocon_ws/build/robot_controller/build/lib/robot_controller/__init__.py -> /home/altair/ros2_robocon_ws/install/robot_controller/lib/python3.10/site-packages/robot_controller
[1.150s] byte-compiling /home/altair/ros2_robocon_ws/install/robot_controller/lib/python3.10/site-packages/robot_controller/controller_node.py to controller_node.cpython-310.pyc
[1.150s] byte-compiling /home/altair/ros2_robocon_ws/install/robot_controller/lib/python3.10/site-packages/robot_controller/serial_to_position_node.py to serial_to_position_node.cpython-310.pyc
[1.151s] byte-compiling /home/altair/ros2_robocon_ws/install/robot_controller/lib/python3.10/site-packages/robot_controller/cmd_vel_to_serial_node.py to cmd_vel_to_serial_node.cpython-310.pyc
[1.151s] byte-compiling /home/altair/ros2_robocon_ws/install/robot_controller/lib/python3.10/site-packages/robot_controller/__init__.py to __init__.cpython-310.pyc
[1.151s] running install_data
[1.151s] creating /home/altair/ros2_robocon_ws/install/robot_controller/share/ament_index
[1.151s] creating /home/altair/ros2_robocon_ws/install/robot_controller/share/ament_index/resource_index
[1.151s] creating /home/altair/ros2_robocon_ws/install/robot_controller/share/ament_index/resource_index/packages
[1.151s] copying resource/robot_controller -> /home/altair/ros2_robocon_ws/install/robot_controller/share/ament_index/resource_index/packages
[1.151s] copying package.xml -> /home/altair/ros2_robocon_ws/install/robot_controller/share/robot_controller
[1.151s] running install_egg_info
[1.153s] Copying ../../build/robot_controller/robot_controller.egg-info to /home/altair/ros2_robocon_ws/install/robot_controller/lib/python3.10/site-packages/robot_controller-0.0.0-py3.10.egg-info
[1.154s] running install_scripts
[1.170s] Installing cmd_vel_to_serial_node script to /home/altair/ros2_robocon_ws/install/robot_controller/lib/robot_controller
[1.170s] Installing controller_node script to /home/altair/ros2_robocon_ws/install/robot_controller/lib/robot_controller
[1.170s] Installing serial_to_position_node script to /home/altair/ros2_robocon_ws/install/robot_controller/lib/robot_controller
[1.170s] writing list of installed files to '/home/altair/ros2_robocon_ws/build/robot_controller/install.log'
[1.235s] Invoked command in '/home/altair/ros2_robocon_ws/src/robot_controller' returned '0': PYTHONPATH=/home/altair/ros2_robocon_ws/build/robot_controller/prefix_override:/home/altair/ros2_robocon_ws/install/robot_controller/lib/python3.10/site-packages:${PYTHONPATH} /usr/bin/python3 -W ignore:setup.py install is deprecated setup.py egg_info --egg-base ../../build/robot_controller build --build-base /home/altair/ros2_robocon_ws/build/robot_controller/build install --record /home/altair/ros2_robocon_ws/build/robot_controller/install.log --single-version-externally-managed install_data
