[1.652s] Invoking command in '/home/altair/2024_A_ROS2_Roboware/src/robot_controller': PYTHONPATH=/home/altair/2024_A_ROS2_Roboware/build/robot_controller/prefix_override:/usr/lib/python3/dist-packages/colcon_core/task/python/colcon_distutils_commands:/home/altair/2024_A_ROS2_Roboware/install/robot_controller/lib/python3.10/site-packages:${PYTHONPATH} /usr/bin/python3 -W ignore:setup.py install is deprecated setup.py egg_info --egg-base ../../build/robot_controller build --build-base /home/altair/2024_A_ROS2_Roboware/build/robot_controller/build install --record /home/altair/2024_A_ROS2_Roboware/build/robot_controller/install.log --single-version-externally-managed install_data
[1.998s] running egg_info
[2.024s] writing ../../build/robot_controller/robot_controller.egg-info/PKG-INFO
[2.024s] writing dependency_links to ../../build/robot_controller/robot_controller.egg-info/dependency_links.txt
[2.025s] writing entry points to ../../build/robot_controller/robot_controller.egg-info/entry_points.txt
[2.025s] writing requirements to ../../build/robot_controller/robot_controller.egg-info/requires.txt
[2.025s] writing top-level names to ../../build/robot_controller/robot_controller.egg-info/top_level.txt
[2.079s] reading manifest file '../../build/robot_controller/robot_controller.egg-info/SOURCES.txt'
[2.081s] writing manifest file '../../build/robot_controller/robot_controller.egg-info/SOURCES.txt'
[2.081s] running build
[2.081s] running build_py
[2.081s] copying robot_controller/controller_node.py -> /home/altair/2024_A_ROS2_Roboware/build/robot_controller/build/lib/robot_controller
[2.082s] running install
[2.089s] running install_lib
[2.115s] copying /home/altair/2024_A_ROS2_Roboware/build/robot_controller/build/lib/robot_controller/controller_node.py -> /home/altair/2024_A_ROS2_Roboware/install/robot_controller/lib/python3.10/site-packages/robot_controller
[2.116s] byte-compiling /home/altair/2024_A_ROS2_Roboware/install/robot_controller/lib/python3.10/site-packages/robot_controller/controller_node.py to controller_node.cpython-310.pyc
[2.118s] running install_data
[2.118s] running install_egg_info
[2.146s] removing '/home/altair/2024_A_ROS2_Roboware/install/robot_controller/lib/python3.10/site-packages/robot_controller-2.0.0-py3.10.egg-info' (and everything under it)
[2.147s] Copying ../../build/robot_controller/robot_controller.egg-info to /home/altair/2024_A_ROS2_Roboware/install/robot_controller/lib/python3.10/site-packages/robot_controller-2.0.0-py3.10.egg-info
[2.148s] running install_scripts
[2.400s] Installing controller_node script to /home/altair/2024_A_ROS2_Roboware/install/robot_controller/lib/robot_controller
[2.400s] Installing position_node script to /home/altair/2024_A_ROS2_Roboware/install/robot_controller/lib/robot_controller
[2.401s] Installing robot_position_to_rviz_node script to /home/altair/2024_A_ROS2_Roboware/install/robot_controller/lib/robot_controller
[2.401s] Installing serial_read_node script to /home/altair/2024_A_ROS2_Roboware/install/robot_controller/lib/robot_controller
[2.401s] Installing serial_send_node script to /home/altair/2024_A_ROS2_Roboware/install/robot_controller/lib/robot_controller
[2.401s] Installing web_socket_node script to /home/altair/2024_A_ROS2_Roboware/install/robot_controller/lib/robot_controller
[2.402s] writing list of installed files to '/home/altair/2024_A_ROS2_Roboware/build/robot_controller/install.log'
[2.430s] Invoked command in '/home/altair/2024_A_ROS2_Roboware/src/robot_controller' returned '0': PYTHONPATH=/home/altair/2024_A_ROS2_Roboware/build/robot_controller/prefix_override:/usr/lib/python3/dist-packages/colcon_core/task/python/colcon_distutils_commands:/home/altair/2024_A_ROS2_Roboware/install/robot_controller/lib/python3.10/site-packages:${PYTHONPATH} /usr/bin/python3 -W ignore:setup.py install is deprecated setup.py egg_info --egg-base ../../build/robot_controller build --build-base /home/altair/2024_A_ROS2_Roboware/build/robot_controller/build install --record /home/altair/2024_A_ROS2_Roboware/build/robot_controller/install.log --single-version-externally-managed install_data
