[1.843s] Invoking command in '/home/altair/2024_A_ROS2_Roboware/src/robot_controller2': PYTHONPATH=/home/altair/2024_A_ROS2_Roboware/src/build/robot_controller2/prefix_override:/usr/lib/python3/dist-packages/colcon_core/task/python/colcon_distutils_commands:/home/altair/2024_A_ROS2_Roboware/src/install/robot_controller2/lib/python3.10/site-packages:${PYTHONPATH} /usr/bin/python3 -W ignore:setup.py install is deprecated setup.py egg_info --egg-base ../build/robot_controller2 build --build-base /home/altair/2024_A_ROS2_Roboware/src/build/robot_controller2/build install --record /home/altair/2024_A_ROS2_Roboware/src/build/robot_controller2/install.log --single-version-externally-managed install_data
[2.187s] running egg_info
[2.187s] creating ../build/robot_controller2/robot_controller2.egg-info
[2.213s] writing ../build/robot_controller2/robot_controller2.egg-info/PKG-INFO
[2.214s] writing dependency_links to ../build/robot_controller2/robot_controller2.egg-info/dependency_links.txt
[2.214s] writing entry points to ../build/robot_controller2/robot_controller2.egg-info/entry_points.txt
[2.214s] writing requirements to ../build/robot_controller2/robot_controller2.egg-info/requires.txt
[2.214s] writing top-level names to ../build/robot_controller2/robot_controller2.egg-info/top_level.txt
[2.214s] writing manifest file '../build/robot_controller2/robot_controller2.egg-info/SOURCES.txt'
[2.269s] reading manifest file '../build/robot_controller2/robot_controller2.egg-info/SOURCES.txt'
[2.270s] writing manifest file '../build/robot_controller2/robot_controller2.egg-info/SOURCES.txt'
[2.270s] running build
[2.270s] running build_py
[2.270s] creating /home/altair/2024_A_ROS2_Roboware/src/build/robot_controller2/build
[2.271s] creating /home/altair/2024_A_ROS2_Roboware/src/build/robot_controller2/build/lib
[2.271s] creating /home/altair/2024_A_ROS2_Roboware/src/build/robot_controller2/build/lib/robot_controller2
[2.271s] copying robot_controller2/serial_read_node.py -> /home/altair/2024_A_ROS2_Roboware/src/build/robot_controller2/build/lib/robot_controller2
[2.271s] copying robot_controller2/web_socket_node.py -> /home/altair/2024_A_ROS2_Roboware/src/build/robot_controller2/build/lib/robot_controller2
[2.271s] copying robot_controller2/__init__.py -> /home/altair/2024_A_ROS2_Roboware/src/build/robot_controller2/build/lib/robot_controller2
[2.271s] copying robot_controller2/realsense_position_node.py -> /home/altair/2024_A_ROS2_Roboware/src/build/robot_controller2/build/lib/robot_controller2
[2.271s] copying robot_controller2/controller_node.py -> /home/altair/2024_A_ROS2_Roboware/src/build/robot_controller2/build/lib/robot_controller2
[2.272s] copying robot_controller2/serial_send_node.py -> /home/altair/2024_A_ROS2_Roboware/src/build/robot_controller2/build/lib/robot_controller2
[2.272s] running install
[2.277s] running install_lib
[2.304s] creating /home/altair/2024_A_ROS2_Roboware/src/install/robot_controller2/lib/python3.10/site-packages/robot_controller2
[2.304s] copying /home/altair/2024_A_ROS2_Roboware/src/build/robot_controller2/build/lib/robot_controller2/serial_read_node.py -> /home/altair/2024_A_ROS2_Roboware/src/install/robot_controller2/lib/python3.10/site-packages/robot_controller2
[2.304s] copying /home/altair/2024_A_ROS2_Roboware/src/build/robot_controller2/build/lib/robot_controller2/web_socket_node.py -> /home/altair/2024_A_ROS2_Roboware/src/install/robot_controller2/lib/python3.10/site-packages/robot_controller2
[2.304s] copying /home/altair/2024_A_ROS2_Roboware/src/build/robot_controller2/build/lib/robot_controller2/__init__.py -> /home/altair/2024_A_ROS2_Roboware/src/install/robot_controller2/lib/python3.10/site-packages/robot_controller2
[2.304s] copying /home/altair/2024_A_ROS2_Roboware/src/build/robot_controller2/build/lib/robot_controller2/realsense_position_node.py -> /home/altair/2024_A_ROS2_Roboware/src/install/robot_controller2/lib/python3.10/site-packages/robot_controller2
[2.304s] copying /home/altair/2024_A_ROS2_Roboware/src/build/robot_controller2/build/lib/robot_controller2/controller_node.py -> /home/altair/2024_A_ROS2_Roboware/src/install/robot_controller2/lib/python3.10/site-packages/robot_controller2
[2.305s] copying /home/altair/2024_A_ROS2_Roboware/src/build/robot_controller2/build/lib/robot_controller2/serial_send_node.py -> /home/altair/2024_A_ROS2_Roboware/src/install/robot_controller2/lib/python3.10/site-packages/robot_controller2
[2.305s] byte-compiling /home/altair/2024_A_ROS2_Roboware/src/install/robot_controller2/lib/python3.10/site-packages/robot_controller2/serial_read_node.py to serial_read_node.cpython-310.pyc
[2.306s] byte-compiling /home/altair/2024_A_ROS2_Roboware/src/install/robot_controller2/lib/python3.10/site-packages/robot_controller2/web_socket_node.py to web_socket_node.cpython-310.pyc
[2.306s] byte-compiling /home/altair/2024_A_ROS2_Roboware/src/install/robot_controller2/lib/python3.10/site-packages/robot_controller2/__init__.py to __init__.cpython-310.pyc
[2.307s] byte-compiling /home/altair/2024_A_ROS2_Roboware/src/install/robot_controller2/lib/python3.10/site-packages/robot_controller2/realsense_position_node.py to realsense_position_node.cpython-310.pyc
[2.308s] byte-compiling /home/altair/2024_A_ROS2_Roboware/src/install/robot_controller2/lib/python3.10/site-packages/robot_controller2/controller_node.py to controller_node.cpython-310.pyc
[2.308s] byte-compiling /home/altair/2024_A_ROS2_Roboware/src/install/robot_controller2/lib/python3.10/site-packages/robot_controller2/serial_send_node.py to serial_send_node.cpython-310.pyc
[2.309s] running install_data
[2.309s] creating /home/altair/2024_A_ROS2_Roboware/src/install/robot_controller2/share/ament_index
[2.309s] creating /home/altair/2024_A_ROS2_Roboware/src/install/robot_controller2/share/ament_index/resource_index
[2.309s] creating /home/altair/2024_A_ROS2_Roboware/src/install/robot_controller2/share/ament_index/resource_index/packages
[2.310s] error: can't copy 'resource/robot_controller2': doesn't exist or not a regular file
[2.333s] Invoked command in '/home/altair/2024_A_ROS2_Roboware/src/robot_controller2' returned '1': PYTHONPATH=/home/altair/2024_A_ROS2_Roboware/src/build/robot_controller2/prefix_override:/usr/lib/python3/dist-packages/colcon_core/task/python/colcon_distutils_commands:/home/altair/2024_A_ROS2_Roboware/src/install/robot_controller2/lib/python3.10/site-packages:${PYTHONPATH} /usr/bin/python3 -W ignore:setup.py install is deprecated setup.py egg_info --egg-base ../build/robot_controller2 build --build-base /home/altair/2024_A_ROS2_Roboware/src/build/robot_controller2/build install --record /home/altair/2024_A_ROS2_Roboware/src/build/robot_controller2/install.log --single-version-externally-managed install_data
