/home/altair/2024_A_ROS2_Roboware/install/robot_controller/lib/python3.10/site-packages/robot_controller/serial_read_node.py
/home/altair/2024_A_ROS2_Roboware/install/robot_controller/lib/python3.10/site-packages/robot_controller/web_socket_node.py
/home/altair/2024_A_ROS2_Roboware/install/robot_controller/lib/python3.10/site-packages/robot_controller/__init__.py
/home/altair/2024_A_ROS2_Roboware/install/robot_controller/lib/python3.10/site-packages/robot_controller/position_node.py
/home/altair/2024_A_ROS2_Roboware/install/robot_controller/lib/python3.10/site-packages/robot_controller/controller_node.py
/home/altair/2024_A_ROS2_Roboware/install/robot_controller/lib/python3.10/site-packages/robot_controller/serial_send_node.py
/home/altair/2024_A_ROS2_Roboware/install/robot_controller/lib/python3.10/site-packages/robot_controller/__pycache__/serial_read_node.cpython-310.pyc
/home/altair/2024_A_ROS2_Roboware/install/robot_controller/lib/python3.10/site-packages/robot_controller/__pycache__/web_socket_node.cpython-310.pyc
/home/altair/2024_A_ROS2_Roboware/install/robot_controller/lib/python3.10/site-packages/robot_controller/__pycache__/__init__.cpython-310.pyc
/home/altair/2024_A_ROS2_Roboware/install/robot_controller/lib/python3.10/site-packages/robot_controller/__pycache__/position_node.cpython-310.pyc
/home/altair/2024_A_ROS2_Roboware/install/robot_controller/lib/python3.10/site-packages/robot_controller/__pycache__/controller_node.cpython-310.pyc
/home/altair/2024_A_ROS2_Roboware/install/robot_controller/lib/python3.10/site-packages/robot_controller/__pycache__/serial_send_node.cpython-310.pyc
/home/altair/2024_A_ROS2_Roboware/install/robot_controller/share/ament_index/resource_index/packages/robot_controller
/home/altair/2024_A_ROS2_Roboware/install/robot_controller/share/robot_controller/package.xml
/home/altair/2024_A_ROS2_Roboware/install/robot_controller/lib/python3.10/site-packages/robot_controller-2.0.0-py3.10.egg-info/dependency_links.txt
/home/altair/2024_A_ROS2_Roboware/install/robot_controller/lib/python3.10/site-packages/robot_controller-2.0.0-py3.10.egg-info/requires.txt
/home/altair/2024_A_ROS2_Roboware/install/robot_controller/lib/python3.10/site-packages/robot_controller-2.0.0-py3.10.egg-info/PKG-INFO
/home/altair/2024_A_ROS2_Roboware/install/robot_controller/lib/python3.10/site-packages/robot_controller-2.0.0-py3.10.egg-info/top_level.txt
/home/altair/2024_A_ROS2_Roboware/install/robot_controller/lib/python3.10/site-packages/robot_controller-2.0.0-py3.10.egg-info/SOURCES.txt
/home/altair/2024_A_ROS2_Roboware/install/robot_controller/lib/python3.10/site-packages/robot_controller-2.0.0-py3.10.egg-info/entry_points.txt
/home/altair/2024_A_ROS2_Roboware/install/robot_controller/lib/python3.10/site-packages/robot_controller-2.0.0-py3.10.egg-info/zip-safe
/home/altair/2024_A_ROS2_Roboware/install/robot_controller/lib/robot_controller/controller_node
/home/altair/2024_A_ROS2_Roboware/install/robot_controller/lib/robot_controller/position_node
/home/altair/2024_A_ROS2_Roboware/install/robot_controller/lib/robot_controller/serial_read_node
/home/altair/2024_A_ROS2_Roboware/install/robot_controller/lib/robot_controller/serial_send_node
/home/altair/2024_A_ROS2_Roboware/install/robot_controller/lib/robot_controller/web_socket_node
