[0.836s] Invoking command in '/home/altair/ros2_robocon_ws/2024_A_ROS2_Roboware/src/robot_controller': PYTHONPATH=/home/altair/ros2_robocon_ws/2024_A_ROS2_Roboware/build/robot_controller/prefix_override:/home/altair/ros2_robocon_ws/2024_A_ROS2_Roboware/install/robot_controller/lib/python3.10/site-packages:${PYTHONPATH} /usr/bin/python3 -W ignore:setup.py install is deprecated setup.py egg_info --egg-base ../../build/robot_controller build --build-base /home/altair/ros2_robocon_ws/2024_A_ROS2_Roboware/build/robot_controller/build install --record /home/altair/ros2_robocon_ws/2024_A_ROS2_Roboware/build/robot_controller/install.log --single-version-externally-managed install_data
[1.141s] running egg_info
[1.142s] writing ../../build/robot_controller/robot_controller.egg-info/PKG-INFO
[1.142s] writing dependency_links to ../../build/robot_controller/robot_controller.egg-info/dependency_links.txt
[1.142s] writing entry points to ../../build/robot_controller/robot_controller.egg-info/entry_points.txt
[1.142s] writing requirements to ../../build/robot_controller/robot_controller.egg-info/requires.txt
[1.142s] writing top-level names to ../../build/robot_controller/robot_controller.egg-info/top_level.txt
[1.144s] reading manifest file '../../build/robot_controller/robot_controller.egg-info/SOURCES.txt'
[1.145s] writing manifest file '../../build/robot_controller/robot_controller.egg-info/SOURCES.txt'
[1.145s] running build
[1.145s] running build_py
[1.145s] copying robot_controller/web_socket_node.py -> /home/altair/ros2_robocon_ws/2024_A_ROS2_Roboware/build/robot_controller/build/lib/robot_controller
[1.145s] running install
[1.146s] running install_lib
[1.146s] copying /home/altair/ros2_robocon_ws/2024_A_ROS2_Roboware/build/robot_controller/build/lib/robot_controller/web_socket_node.py -> /home/altair/ros2_robocon_ws/2024_A_ROS2_Roboware/install/robot_controller/lib/python3.10/site-packages/robot_controller
[1.147s] byte-compiling /home/altair/ros2_robocon_ws/2024_A_ROS2_Roboware/install/robot_controller/lib/python3.10/site-packages/robot_controller/web_socket_node.py to web_socket_node.cpython-310.pyc
[1.148s] running install_data
[1.148s] running install_egg_info
[1.149s] removing '/home/altair/ros2_robocon_ws/2024_A_ROS2_Roboware/install/robot_controller/lib/python3.10/site-packages/robot_controller-0.0.0-py3.10.egg-info' (and everything under it)
[1.150s] Copying ../../build/robot_controller/robot_controller.egg-info to /home/altair/ros2_robocon_ws/2024_A_ROS2_Roboware/install/robot_controller/lib/python3.10/site-packages/robot_controller-0.0.0-py3.10.egg-info
[1.150s] running install_scripts
[1.166s] Installing cmd_vel_to_serial_node script to /home/altair/ros2_robocon_ws/2024_A_ROS2_Roboware/install/robot_controller/lib/robot_controller
[1.166s] Installing controller_node script to /home/altair/ros2_robocon_ws/2024_A_ROS2_Roboware/install/robot_controller/lib/robot_controller
[1.166s] Installing realsense_position_node script to /home/altair/ros2_robocon_ws/2024_A_ROS2_Roboware/install/robot_controller/lib/robot_controller
[1.167s] Installing serial_to_position_node script to /home/altair/ros2_robocon_ws/2024_A_ROS2_Roboware/install/robot_controller/lib/robot_controller
[1.167s] Installing web_socket_node script to /home/altair/ros2_robocon_ws/2024_A_ROS2_Roboware/install/robot_controller/lib/robot_controller
[1.167s] writing list of installed files to '/home/altair/ros2_robocon_ws/2024_A_ROS2_Roboware/build/robot_controller/install.log'
[1.230s] Invoked command in '/home/altair/ros2_robocon_ws/2024_A_ROS2_Roboware/src/robot_controller' returned '0': PYTHONPATH=/home/altair/ros2_robocon_ws/2024_A_ROS2_Roboware/build/robot_controller/prefix_override:/home/altair/ros2_robocon_ws/2024_A_ROS2_Roboware/install/robot_controller/lib/python3.10/site-packages:${PYTHONPATH} /usr/bin/python3 -W ignore:setup.py install is deprecated setup.py egg_info --egg-base ../../build/robot_controller build --build-base /home/altair/ros2_robocon_ws/2024_A_ROS2_Roboware/build/robot_controller/build install --record /home/altair/ros2_robocon_ws/2024_A_ROS2_Roboware/build/robot_controller/install.log --single-version-externally-managed install_data
