[1.139s] Invoking command in '/home/altair/2024_A_ROS2_Roboware/src/robot_controller': PYTHONPATH=/home/altair/2024_A_ROS2_Roboware/build/robot_controller/prefix_override:/usr/lib/python3/dist-packages/colcon_core/task/python/colcon_distutils_commands:/home/altair/2024_A_ROS2_Roboware/install/robot_controller/lib/python3.10/site-packages:${PYTHONPATH} /usr/bin/python3 -W ignore:setup.py install is deprecated setup.py egg_info --egg-base ../../build/robot_controller build --build-base /home/altair/2024_A_ROS2_Roboware/build/robot_controller/build install --record /home/altair/2024_A_ROS2_Roboware/build/robot_controller/install.log --single-version-externally-managed install_data
[1.461s] running egg_info
[1.486s] writing ../../build/robot_controller/robot_controller.egg-info/PKG-INFO
[1.486s] writing dependency_links to ../../build/robot_controller/robot_controller.egg-info/dependency_links.txt
[1.486s] writing entry points to ../../build/robot_controller/robot_controller.egg-info/entry_points.txt
[1.486s] writing requirements to ../../build/robot_controller/robot_controller.egg-info/requires.txt
[1.486s] writing top-level names to ../../build/robot_controller/robot_controller.egg-info/top_level.txt
[1.542s] reading manifest file '../../build/robot_controller/robot_controller.egg-info/SOURCES.txt'
[1.543s] writing manifest file '../../build/robot_controller/robot_controller.egg-info/SOURCES.txt'
[1.543s] running build
[1.543s] running build_py
[1.543s] copying robot_controller/controller_node.py -> /home/altair/2024_A_ROS2_Roboware/build/robot_controller/build/lib/robot_controller
[1.543s] running install
[1.549s] running install_lib
[1.575s] copying /home/altair/2024_A_ROS2_Roboware/build/robot_controller/build/lib/robot_controller/controller_node.py -> /home/altair/2024_A_ROS2_Roboware/install/robot_controller/lib/python3.10/site-packages/robot_controller
[1.575s] byte-compiling /home/altair/2024_A_ROS2_Roboware/install/robot_controller/lib/python3.10/site-packages/robot_controller/controller_node.py to controller_node.cpython-310.pyc
[1.576s] running install_data
[1.577s] running install_egg_info
[1.603s] removing '/home/altair/2024_A_ROS2_Roboware/install/robot_controller/lib/python3.10/site-packages/robot_controller-0.0.0-py3.10.egg-info' (and everything under it)
[1.603s] Copying ../../build/robot_controller/robot_controller.egg-info to /home/altair/2024_A_ROS2_Roboware/install/robot_controller/lib/python3.10/site-packages/robot_controller-0.0.0-py3.10.egg-info
[1.604s] running install_scripts
[1.848s] Installing cmd_vel_to_serial_node script to /home/altair/2024_A_ROS2_Roboware/install/robot_controller/lib/robot_controller
[1.848s] Installing controller_node script to /home/altair/2024_A_ROS2_Roboware/install/robot_controller/lib/robot_controller
[1.848s] Installing realsense_position_node script to /home/altair/2024_A_ROS2_Roboware/install/robot_controller/lib/robot_controller
[1.848s] Installing serial_to_position_node script to /home/altair/2024_A_ROS2_Roboware/install/robot_controller/lib/robot_controller
[1.849s] Installing web_socket_node script to /home/altair/2024_A_ROS2_Roboware/install/robot_controller/lib/robot_controller
[1.849s] writing list of installed files to '/home/altair/2024_A_ROS2_Roboware/build/robot_controller/install.log'
[1.875s] Invoked command in '/home/altair/2024_A_ROS2_Roboware/src/robot_controller' returned '0': PYTHONPATH=/home/altair/2024_A_ROS2_Roboware/build/robot_controller/prefix_override:/usr/lib/python3/dist-packages/colcon_core/task/python/colcon_distutils_commands:/home/altair/2024_A_ROS2_Roboware/install/robot_controller/lib/python3.10/site-packages:${PYTHONPATH} /usr/bin/python3 -W ignore:setup.py install is deprecated setup.py egg_info --egg-base ../../build/robot_controller build --build-base /home/altair/2024_A_ROS2_Roboware/build/robot_controller/build install --record /home/altair/2024_A_ROS2_Roboware/build/robot_controller/install.log --single-version-externally-managed install_data
