[1.600s] Invoking command in '/home/altair/2024_A_ROS2_Roboware/src/robot_controller': PYTHONPATH=/home/altair/2024_A_ROS2_Roboware/build/robot_controller/prefix_override:/usr/lib/python3/dist-packages/colcon_core/task/python/colcon_distutils_commands:/home/altair/2024_A_ROS2_Roboware/install/robot_controller/lib/python3.10/site-packages:${PYTHONPATH} /usr/bin/python3 -W ignore:setup.py install is deprecated setup.py egg_info --egg-base ../../build/robot_controller build --build-base /home/altair/2024_A_ROS2_Roboware/build/robot_controller/build install --record /home/altair/2024_A_ROS2_Roboware/build/robot_controller/install.log --single-version-externally-managed install_data
[2.018s] running egg_info
[2.059s] writing ../../build/robot_controller/robot_controller.egg-info/PKG-INFO
[2.061s] writing dependency_links to ../../build/robot_controller/robot_controller.egg-info/dependency_links.txt
[2.064s] writing entry points to ../../build/robot_controller/robot_controller.egg-info/entry_points.txt
[2.066s] writing requirements to ../../build/robot_controller/robot_controller.egg-info/requires.txt
[2.067s] writing top-level names to ../../build/robot_controller/robot_controller.egg-info/top_level.txt
[2.125s] reading manifest file '../../build/robot_controller/robot_controller.egg-info/SOURCES.txt'
[2.126s] writing manifest file '../../build/robot_controller/robot_controller.egg-info/SOURCES.txt'
[2.128s] running build
[2.129s] running build_py
[2.134s] running install
[2.148s] running install_lib
[2.189s] running install_data
[2.189s] running install_egg_info
[2.216s] removing '/home/altair/2024_A_ROS2_Roboware/install/robot_controller/lib/python3.10/site-packages/robot_controller-2.0.0-py3.10.egg-info' (and everything under it)
[2.216s] Copying ../../build/robot_controller/robot_controller.egg-info to /home/altair/2024_A_ROS2_Roboware/install/robot_controller/lib/python3.10/site-packages/robot_controller-2.0.0-py3.10.egg-info
[2.217s] running install_scripts
[2.577s] Installing controller_node script to /home/altair/2024_A_ROS2_Roboware/install/robot_controller/lib/robot_controller
[2.578s] Installing position_node script to /home/altair/2024_A_ROS2_Roboware/install/robot_controller/lib/robot_controller
[2.579s] Installing robot_position_to_rviz_node script to /home/altair/2024_A_ROS2_Roboware/install/robot_controller/lib/robot_controller
[2.580s] Installing serial_read_node script to /home/altair/2024_A_ROS2_Roboware/install/robot_controller/lib/robot_controller
[2.582s] Installing serial_send_node script to /home/altair/2024_A_ROS2_Roboware/install/robot_controller/lib/robot_controller
[2.583s] Installing web_socket_node script to /home/altair/2024_A_ROS2_Roboware/install/robot_controller/lib/robot_controller
[2.586s] writing list of installed files to '/home/altair/2024_A_ROS2_Roboware/build/robot_controller/install.log'
[2.620s] Invoked command in '/home/altair/2024_A_ROS2_Roboware/src/robot_controller' returned '0': PYTHONPATH=/home/altair/2024_A_ROS2_Roboware/build/robot_controller/prefix_override:/usr/lib/python3/dist-packages/colcon_core/task/python/colcon_distutils_commands:/home/altair/2024_A_ROS2_Roboware/install/robot_controller/lib/python3.10/site-packages:${PYTHONPATH} /usr/bin/python3 -W ignore:setup.py install is deprecated setup.py egg_info --egg-base ../../build/robot_controller build --build-base /home/altair/2024_A_ROS2_Roboware/build/robot_controller/build install --record /home/altair/2024_A_ROS2_Roboware/build/robot_controller/install.log --single-version-externally-managed install_data
