[4.450s] Invoking command in '/home/altair/2024_A_ROS2_Roboware/src/robot_controller': PYTHONPATH=/home/altair/2024_A_ROS2_Roboware/src/build/robot_controller/prefix_override:/usr/lib/python3/dist-packages/colcon_core/task/python/colcon_distutils_commands:/home/altair/2024_A_ROS2_Roboware/src/install/robot_controller/lib/python3.10/site-packages:${PYTHONPATH} /usr/bin/python3 -W ignore:setup.py install is deprecated setup.py egg_info --egg-base ../build/robot_controller build --build-base /home/altair/2024_A_ROS2_Roboware/src/build/robot_controller/build install --record /home/altair/2024_A_ROS2_Roboware/src/build/robot_controller/install.log --single-version-externally-managed install_data
[5.086s] running egg_info
[5.251s] writing ../build/robot_controller/robot_controller.egg-info/PKG-INFO
[5.251s] writing dependency_links to ../build/robot_controller/robot_controller.egg-info/dependency_links.txt
[5.252s] writing entry points to ../build/robot_controller/robot_controller.egg-info/entry_points.txt
[5.252s] writing requirements to ../build/robot_controller/robot_controller.egg-info/requires.txt
[5.252s] writing top-level names to ../build/robot_controller/robot_controller.egg-info/top_level.txt
[5.438s] reading manifest file '../build/robot_controller/robot_controller.egg-info/SOURCES.txt'
[5.441s] writing manifest file '../build/robot_controller/robot_controller.egg-info/SOURCES.txt'
[5.443s] running build
[5.444s] running build_py
[5.446s] copying robot_controller/serial_read_node.py -> /home/altair/2024_A_ROS2_Roboware/src/build/robot_controller/build/lib/robot_controller
[5.448s] copying robot_controller/position_node.py -> /home/altair/2024_A_ROS2_Roboware/src/build/robot_controller/build/lib/robot_controller
[5.449s] copying robot_controller/controller_node.py -> /home/altair/2024_A_ROS2_Roboware/src/build/robot_controller/build/lib/robot_controller
[5.450s] copying robot_controller/serial_send_node.py -> /home/altair/2024_A_ROS2_Roboware/src/build/robot_controller/build/lib/robot_controller
[5.453s] running install
[5.523s] running install_lib
[5.720s] copying /home/altair/2024_A_ROS2_Roboware/src/build/robot_controller/build/lib/robot_controller/serial_read_node.py -> /home/altair/2024_A_ROS2_Roboware/src/install/robot_controller/lib/python3.10/site-packages/robot_controller
[5.720s] copying /home/altair/2024_A_ROS2_Roboware/src/build/robot_controller/build/lib/robot_controller/position_node.py -> /home/altair/2024_A_ROS2_Roboware/src/install/robot_controller/lib/python3.10/site-packages/robot_controller
[5.720s] copying /home/altair/2024_A_ROS2_Roboware/src/build/robot_controller/build/lib/robot_controller/controller_node.py -> /home/altair/2024_A_ROS2_Roboware/src/install/robot_controller/lib/python3.10/site-packages/robot_controller
[5.720s] copying /home/altair/2024_A_ROS2_Roboware/src/build/robot_controller/build/lib/robot_controller/serial_send_node.py -> /home/altair/2024_A_ROS2_Roboware/src/install/robot_controller/lib/python3.10/site-packages/robot_controller
[5.721s] byte-compiling /home/altair/2024_A_ROS2_Roboware/src/install/robot_controller/lib/python3.10/site-packages/robot_controller/serial_read_node.py to serial_read_node.cpython-310.pyc
[5.724s] byte-compiling /home/altair/2024_A_ROS2_Roboware/src/install/robot_controller/lib/python3.10/site-packages/robot_controller/position_node.py to position_node.cpython-310.pyc
[5.726s] byte-compiling /home/altair/2024_A_ROS2_Roboware/src/install/robot_controller/lib/python3.10/site-packages/robot_controller/controller_node.py to controller_node.cpython-310.pyc
[5.728s] byte-compiling /home/altair/2024_A_ROS2_Roboware/src/install/robot_controller/lib/python3.10/site-packages/robot_controller/serial_send_node.py to serial_send_node.cpython-310.pyc
[5.729s] running install_data
[5.729s] running install_egg_info
[5.761s] removing '/home/altair/2024_A_ROS2_Roboware/src/install/robot_controller/lib/python3.10/site-packages/robot_controller-0.0.0-py3.10.egg-info' (and everything under it)
[5.761s] Copying ../build/robot_controller/robot_controller.egg-info to /home/altair/2024_A_ROS2_Roboware/src/install/robot_controller/lib/python3.10/site-packages/robot_controller-0.0.0-py3.10.egg-info
[5.762s] running install_scripts
[7.049s] Installing controller_node script to /home/altair/2024_A_ROS2_Roboware/src/install/robot_controller/lib/robot_controller
[7.050s] Installing position_node script to /home/altair/2024_A_ROS2_Roboware/src/install/robot_controller/lib/robot_controller
[7.051s] Installing serial_read_node script to /home/altair/2024_A_ROS2_Roboware/src/install/robot_controller/lib/robot_controller
[7.052s] Installing serial_send_node script to /home/altair/2024_A_ROS2_Roboware/src/install/robot_controller/lib/robot_controller
[7.054s] Installing web_socket_node script to /home/altair/2024_A_ROS2_Roboware/src/install/robot_controller/lib/robot_controller
[7.057s] writing list of installed files to '/home/altair/2024_A_ROS2_Roboware/src/build/robot_controller/install.log'
[7.186s] Invoked command in '/home/altair/2024_A_ROS2_Roboware/src/robot_controller' returned '0': PYTHONPATH=/home/altair/2024_A_ROS2_Roboware/src/build/robot_controller/prefix_override:/usr/lib/python3/dist-packages/colcon_core/task/python/colcon_distutils_commands:/home/altair/2024_A_ROS2_Roboware/src/install/robot_controller/lib/python3.10/site-packages:${PYTHONPATH} /usr/bin/python3 -W ignore:setup.py install is deprecated setup.py egg_info --egg-base ../build/robot_controller build --build-base /home/altair/2024_A_ROS2_Roboware/src/build/robot_controller/build install --record /home/altair/2024_A_ROS2_Roboware/src/build/robot_controller/install.log --single-version-externally-managed install_data
