[1.425s] Invoking command in '/home/altair/2024_A_ROS2_Roboware/src/robot_controller': PYTHONPATH=/home/altair/2024_A_ROS2_Roboware/build/robot_controller/prefix_override:/usr/lib/python3/dist-packages/colcon_core/task/python/colcon_distutils_commands:/home/altair/2024_A_ROS2_Roboware/install/robot_controller/lib/python3.10/site-packages:${PYTHONPATH} /usr/bin/python3 -W ignore:setup.py install is deprecated setup.py egg_info --egg-base ../../build/robot_controller build --build-base /home/altair/2024_A_ROS2_Roboware/build/robot_controller/build install --record /home/altair/2024_A_ROS2_Roboware/build/robot_controller/install.log --single-version-externally-managed install_data
[1.763s] running egg_info
[1.789s] writing ../../build/robot_controller/robot_controller.egg-info/PKG-INFO
[1.789s] writing dependency_links to ../../build/robot_controller/robot_controller.egg-info/dependency_links.txt
[1.789s] writing entry points to ../../build/robot_controller/robot_controller.egg-info/entry_points.txt
[1.790s] writing requirements to ../../build/robot_controller/robot_controller.egg-info/requires.txt
[1.790s] writing top-level names to ../../build/robot_controller/robot_controller.egg-info/top_level.txt
[1.843s] reading manifest file '../../build/robot_controller/robot_controller.egg-info/SOURCES.txt'
[1.844s] writing manifest file '../../build/robot_controller/robot_controller.egg-info/SOURCES.txt'
[1.844s] running build
[1.845s] running build_py
[1.845s] copying robot_controller/controller_node.py -> /home/altair/2024_A_ROS2_Roboware/build/robot_controller/build/lib/robot_controller
[1.845s] running install
[1.852s] running install_lib
[1.879s] copying /home/altair/2024_A_ROS2_Roboware/build/robot_controller/build/lib/robot_controller/controller_node.py -> /home/altair/2024_A_ROS2_Roboware/install/robot_controller/lib/python3.10/site-packages/robot_controller
[1.880s] byte-compiling /home/altair/2024_A_ROS2_Roboware/install/robot_controller/lib/python3.10/site-packages/robot_controller/controller_node.py to controller_node.cpython-310.pyc
[1.881s] running install_data
[1.882s] running install_egg_info
[1.909s] removing '/home/altair/2024_A_ROS2_Roboware/install/robot_controller/lib/python3.10/site-packages/robot_controller-2.0.0-py3.10.egg-info' (and everything under it)
[1.909s] Copying ../../build/robot_controller/robot_controller.egg-info to /home/altair/2024_A_ROS2_Roboware/install/robot_controller/lib/python3.10/site-packages/robot_controller-2.0.0-py3.10.egg-info
[1.910s] running install_scripts
[2.162s] Installing controller_node script to /home/altair/2024_A_ROS2_Roboware/install/robot_controller/lib/robot_controller
[2.162s] Installing position_node script to /home/altair/2024_A_ROS2_Roboware/install/robot_controller/lib/robot_controller
[2.162s] Installing robot_position_to_rviz_node script to /home/altair/2024_A_ROS2_Roboware/install/robot_controller/lib/robot_controller
[2.163s] Installing serial_read_node script to /home/altair/2024_A_ROS2_Roboware/install/robot_controller/lib/robot_controller
[2.163s] Installing serial_send_node script to /home/altair/2024_A_ROS2_Roboware/install/robot_controller/lib/robot_controller
[2.163s] Installing web_socket_node script to /home/altair/2024_A_ROS2_Roboware/install/robot_controller/lib/robot_controller
[2.163s] writing list of installed files to '/home/altair/2024_A_ROS2_Roboware/build/robot_controller/install.log'
[2.190s] Invoked command in '/home/altair/2024_A_ROS2_Roboware/src/robot_controller' returned '0': PYTHONPATH=/home/altair/2024_A_ROS2_Roboware/build/robot_controller/prefix_override:/usr/lib/python3/dist-packages/colcon_core/task/python/colcon_distutils_commands:/home/altair/2024_A_ROS2_Roboware/install/robot_controller/lib/python3.10/site-packages:${PYTHONPATH} /usr/bin/python3 -W ignore:setup.py install is deprecated setup.py egg_info --egg-base ../../build/robot_controller build --build-base /home/altair/2024_A_ROS2_Roboware/build/robot_controller/build install --record /home/altair/2024_A_ROS2_Roboware/build/robot_controller/install.log --single-version-externally-managed install_data
