[1.147s] Invoking command in '/home/altair/2024_A_ROS2_Roboware/src/robot_controller': PYTHONPATH=/home/altair/2024_A_ROS2_Roboware/build/robot_controller/prefix_override:/usr/lib/python3/dist-packages/colcon_core/task/python/colcon_distutils_commands:/home/altair/2024_A_ROS2_Roboware/install/robot_controller/lib/python3.10/site-packages:${PYTHONPATH} /usr/bin/python3 -W ignore:setup.py install is deprecated setup.py egg_info --egg-base ../../build/robot_controller build --build-base /home/altair/2024_A_ROS2_Roboware/build/robot_controller/build install --record /home/altair/2024_A_ROS2_Roboware/build/robot_controller/install.log --single-version-externally-managed install_data
[1.465s] running egg_info
[1.491s] writing ../../build/robot_controller/robot_controller.egg-info/PKG-INFO
[1.491s] writing dependency_links to ../../build/robot_controller/robot_controller.egg-info/dependency_links.txt
[1.491s] writing entry points to ../../build/robot_controller/robot_controller.egg-info/entry_points.txt
[1.491s] writing requirements to ../../build/robot_controller/robot_controller.egg-info/requires.txt
[1.492s] writing top-level names to ../../build/robot_controller/robot_controller.egg-info/top_level.txt
[1.544s] reading manifest file '../../build/robot_controller/robot_controller.egg-info/SOURCES.txt'
[1.545s] writing manifest file '../../build/robot_controller/robot_controller.egg-info/SOURCES.txt'
[1.546s] running build
[1.546s] running build_py
[1.546s] copying robot_controller/realsense_position_node.py -> /home/altair/2024_A_ROS2_Roboware/build/robot_controller/build/lib/robot_controller
[1.546s] running install
[1.552s] running install_lib
[1.577s] copying /home/altair/2024_A_ROS2_Roboware/build/robot_controller/build/lib/robot_controller/realsense_position_node.py -> /home/altair/2024_A_ROS2_Roboware/install/robot_controller/lib/python3.10/site-packages/robot_controller
[1.578s] byte-compiling /home/altair/2024_A_ROS2_Roboware/install/robot_controller/lib/python3.10/site-packages/robot_controller/realsense_position_node.py to realsense_position_node.cpython-310.pyc
[1.579s] running install_data
[1.579s] running install_egg_info
[1.605s] removing '/home/altair/2024_A_ROS2_Roboware/install/robot_controller/lib/python3.10/site-packages/robot_controller-0.0.0-py3.10.egg-info' (and everything under it)
[1.605s] Copying ../../build/robot_controller/robot_controller.egg-info to /home/altair/2024_A_ROS2_Roboware/install/robot_controller/lib/python3.10/site-packages/robot_controller-0.0.0-py3.10.egg-info
[1.606s] running install_scripts
[1.845s] Installing cmd_vel_to_serial_node script to /home/altair/2024_A_ROS2_Roboware/install/robot_controller/lib/robot_controller
[1.845s] Installing controller_node script to /home/altair/2024_A_ROS2_Roboware/install/robot_controller/lib/robot_controller
[1.845s] Installing realsense_position_node script to /home/altair/2024_A_ROS2_Roboware/install/robot_controller/lib/robot_controller
[1.845s] Installing serial_to_position_node script to /home/altair/2024_A_ROS2_Roboware/install/robot_controller/lib/robot_controller
[1.845s] Installing web_socket_node script to /home/altair/2024_A_ROS2_Roboware/install/robot_controller/lib/robot_controller
[1.845s] writing list of installed files to '/home/altair/2024_A_ROS2_Roboware/build/robot_controller/install.log'
[1.872s] Invoked command in '/home/altair/2024_A_ROS2_Roboware/src/robot_controller' returned '0': PYTHONPATH=/home/altair/2024_A_ROS2_Roboware/build/robot_controller/prefix_override:/usr/lib/python3/dist-packages/colcon_core/task/python/colcon_distutils_commands:/home/altair/2024_A_ROS2_Roboware/install/robot_controller/lib/python3.10/site-packages:${PYTHONPATH} /usr/bin/python3 -W ignore:setup.py install is deprecated setup.py egg_info --egg-base ../../build/robot_controller build --build-base /home/altair/2024_A_ROS2_Roboware/build/robot_controller/build install --record /home/altair/2024_A_ROS2_Roboware/build/robot_controller/install.log --single-version-externally-managed install_data
