[0.833s] Invoking command in '/home/altair/ros2_robocon_ws/src/robot_controller': PYTHONPATH=/home/altair/ros2_robocon_ws/build/robot_controller/prefix_override:/home/altair/ros2_robocon_ws/install/robot_controller/lib/python3.10/site-packages:${PYTHONPATH} /usr/bin/python3 -W ignore:setup.py install is deprecated setup.py egg_info --egg-base ../../build/robot_controller build --build-base /home/altair/ros2_robocon_ws/build/robot_controller/build install --record /home/altair/ros2_robocon_ws/build/robot_controller/install.log --single-version-externally-managed install_data
[1.135s] running egg_info
[1.135s] writing ../../build/robot_controller/robot_controller.egg-info/PKG-INFO
[1.136s] writing dependency_links to ../../build/robot_controller/robot_controller.egg-info/dependency_links.txt
[1.136s] writing entry points to ../../build/robot_controller/robot_controller.egg-info/entry_points.txt
[1.136s] writing requirements to ../../build/robot_controller/robot_controller.egg-info/requires.txt
[1.136s] writing top-level names to ../../build/robot_controller/robot_controller.egg-info/top_level.txt
[1.137s] reading manifest file '../../build/robot_controller/robot_controller.egg-info/SOURCES.txt'
[1.138s] writing manifest file '../../build/robot_controller/robot_controller.egg-info/SOURCES.txt'
[1.138s] running build
[1.138s] running build_py
[1.138s] copying robot_controller/controller_node.py -> /home/altair/ros2_robocon_ws/build/robot_controller/build/lib/robot_controller
[1.139s] running install
[1.139s] running install_lib
[1.140s] copying /home/altair/ros2_robocon_ws/build/robot_controller/build/lib/robot_controller/controller_node.py -> /home/altair/ros2_robocon_ws/install/robot_controller/lib/python3.10/site-packages/robot_controller
[1.140s] byte-compiling /home/altair/ros2_robocon_ws/install/robot_controller/lib/python3.10/site-packages/robot_controller/controller_node.py to controller_node.cpython-310.pyc
[1.141s] running install_data
[1.141s] running install_egg_info
[1.142s] removing '/home/altair/ros2_robocon_ws/install/robot_controller/lib/python3.10/site-packages/robot_controller-0.0.0-py3.10.egg-info' (and everything under it)
[1.143s] Copying ../../build/robot_controller/robot_controller.egg-info to /home/altair/ros2_robocon_ws/install/robot_controller/lib/python3.10/site-packages/robot_controller-0.0.0-py3.10.egg-info
[1.144s] running install_scripts
[1.159s] Installing cmd_vel_to_serial_node script to /home/altair/ros2_robocon_ws/install/robot_controller/lib/robot_controller
[1.160s] Installing controller_node script to /home/altair/ros2_robocon_ws/install/robot_controller/lib/robot_controller
[1.160s] Installing serial_to_position_node script to /home/altair/ros2_robocon_ws/install/robot_controller/lib/robot_controller
[1.160s] writing list of installed files to '/home/altair/ros2_robocon_ws/build/robot_controller/install.log'
[1.223s] Invoked command in '/home/altair/ros2_robocon_ws/src/robot_controller' returned '0': PYTHONPATH=/home/altair/ros2_robocon_ws/build/robot_controller/prefix_override:/home/altair/ros2_robocon_ws/install/robot_controller/lib/python3.10/site-packages:${PYTHONPATH} /usr/bin/python3 -W ignore:setup.py install is deprecated setup.py egg_info --egg-base ../../build/robot_controller build --build-base /home/altair/ros2_robocon_ws/build/robot_controller/build install --record /home/altair/ros2_robocon_ws/build/robot_controller/install.log --single-version-externally-managed install_data
